<?xml version="1.0" encoding="UTF-8"?>
<!-- Generated by org.testng.reporters.JUnitXMLReporter -->
<testsuite ignored="0" hostname="Hp" failures="0" tests="6" name="Default test" time="9.883" errors="0" timestamp="2023-06-23T20:38:16 IST">
  <testcase classname="api.test.DDTest" name="testPostUser" time="2.653"/>
  <testcase classname="api.test.DDTest" name="testPostUser" time="1.258"/>
  <testcase classname="api.test.DDTest" name="testPostUser" time="1.302"/>
  <testcase classname="api.test.DDTest" name="testDeleteUser" time="1.321"/>
  <testcase classname="api.test.DDTest" name="testDeleteUser" time="1.239"/>
  <testcase classname="api.test.DDTest" name="testDeleteUser" time="1.258"/>
</testsuite> <!-- Default test -->
