<?xml version="1.0" encoding="UTF-8"?>
<testng-results ignored="0" total="4" passed="4" failed="0" skipped="0">
  <reporter-output>
  </reporter-output>
  <suite started-at="2023-06-28T16:45:31 IST" name="PetSuite" finished-at="2023-06-28T16:45:41 IST" duration-ms="9558">
    <groups>
    </groups>
    <test started-at="2023-06-28T16:45:31 IST" name="PetTest" finished-at="2023-06-28T16:45:41 IST" duration-ms="9558">
      <class name="api.test.UserTest2">
        <test-method is-config="true" signature="setup()[pri:0, instance:api.test.UserTest2@6a192cfe]" started-at="2023-06-28T16:45:31 IST" name="setup" finished-at="2023-06-28T16:45:32 IST" duration-ms="1037" status="PASS">
          <reporter-output>
          </reporter-output>
        </test-method> <!-- setup -->
        <test-method signature="testPostUser()[pri:1, instance:api.test.UserTest2@6a192cfe]" started-at="2023-06-28T16:45:32 IST" name="testPostUser" finished-at="2023-06-28T16:45:35 IST" duration-ms="2872" status="PASS">
          <reporter-output>
          </reporter-output>
        </test-method> <!-- testPostUser -->
        <test-method signature="testGetUser()[pri:2, instance:api.test.UserTest2@6a192cfe]" started-at="2023-06-28T16:45:35 IST" name="testGetUser" finished-at="2023-06-28T16:45:37 IST" duration-ms="1369" status="PASS">
          <reporter-output>
          </reporter-output>
        </test-method> <!-- testGetUser -->
        <test-method signature="testUpdateUser()[pri:3, instance:api.test.UserTest2@6a192cfe]" started-at="2023-06-28T16:45:37 IST" name="testUpdateUser" finished-at="2023-06-28T16:45:40 IST" duration-ms="2848" status="PASS">
          <reporter-output>
          </reporter-output>
        </test-method> <!-- testUpdateUser -->
        <test-method signature="testDeleteUser()[pri:4, instance:api.test.UserTest2@6a192cfe]" started-at="2023-06-28T16:45:40 IST" name="testDeleteUser" finished-at="2023-06-28T16:45:41 IST" duration-ms="1254" status="PASS">
          <reporter-output>
          </reporter-output>
        </test-method> <!-- testDeleteUser -->
      </class> <!-- api.test.UserTest2 -->
    </test> <!-- PetTest -->
  </suite> <!-- PetSuite -->
</testng-results>
