<?xml version="1.0" encoding="UTF-8"?>
<testng-results ignored="0" total="4" passed="4" failed="0" skipped="0">
  <reporter-output>
  </reporter-output>
  <suite started-at="2023-06-26T20:33:35 IST" name="PetSuite" finished-at="2023-06-26T20:33:45 IST" duration-ms="10242">
    <groups>
    </groups>
    <test started-at="2023-06-26T20:33:35 IST" name="PetTest" finished-at="2023-06-26T20:33:45 IST" duration-ms="10242">
      <class name="api.test.UserTest2">
        <test-method is-config="true" signature="setup()[pri:0, instance:api.test.UserTest2@2892d68]" started-at="2023-06-26T20:33:35 IST" name="setup" finished-at="2023-06-26T20:33:36 IST" duration-ms="1236" status="PASS">
          <reporter-output>
          </reporter-output>
        </test-method> <!-- setup -->
        <test-method signature="testPostUser()[pri:1, instance:api.test.UserTest2@2892d68]" started-at="2023-06-26T20:33:36 IST" name="testPostUser" finished-at="2023-06-26T20:33:40 IST" duration-ms="3460" status="PASS">
          <reporter-output>
          </reporter-output>
        </test-method> <!-- testPostUser -->
        <test-method signature="testGetUser()[pri:2, instance:api.test.UserTest2@2892d68]" started-at="2023-06-26T20:33:40 IST" name="testGetUser" finished-at="2023-06-26T20:33:41 IST" duration-ms="1300" status="PASS">
          <reporter-output>
          </reporter-output>
        </test-method> <!-- testGetUser -->
        <test-method signature="testUpdateUser()[pri:3, instance:api.test.UserTest2@2892d68]" started-at="2023-06-26T20:33:41 IST" name="testUpdateUser" finished-at="2023-06-26T20:33:44 IST" duration-ms="2657" status="PASS">
          <reporter-output>
          </reporter-output>
        </test-method> <!-- testUpdateUser -->
        <test-method signature="testDeleteUser()[pri:4, instance:api.test.UserTest2@2892d68]" started-at="2023-06-26T20:33:44 IST" name="testDeleteUser" finished-at="2023-06-26T20:33:45 IST" duration-ms="1258" status="PASS">
          <reporter-output>
          </reporter-output>
        </test-method> <!-- testDeleteUser -->
      </class> <!-- api.test.UserTest2 -->
    </test> <!-- PetTest -->
  </suite> <!-- PetSuite -->
</testng-results>
