<?xml version="1.0" encoding="UTF-8"?>
<!-- Generated by org.testng.reporters.JUnitXMLReporter -->
<testsuite ignored="0" hostname="Hp" failures="0" tests="4" name="PetTest" time="10.242" errors="0" timestamp="2023-06-26T20:33:45 IST">
  <testcase classname="api.test.UserTest2" name="testPostUser" time="3.46"/>
  <testcase classname="api.test.UserTest2" name="testGetUser" time="1.3"/>
  <testcase classname="api.test.UserTest2" name="testUpdateUser" time="2.657"/>
  <testcase classname="api.test.UserTest2" name="testDeleteUser" time="1.258"/>
</testsuite> <!-- PetTest -->
